run_id=circle-weekly-2026w12
input_dir=/Users/raincai/Documents/GitHub/raincoat/skills/report-circle-weekly/docs
output_html=/Users/raincai/Documents/GitHub/raincoat/skills/report-circle-weekly//report.html
==================================================
  交易业务周报生成器 v2.0
  数据模型: 分维度文件 (周级)
==================================================
📂 加载数据...

  整体      : ✓ 整体数据.xlsx
  行业      : ✓ 区分行业.xlsx
  流量      : ✓ 分行业x流量渠道.xlsx
  体裁      : ✓ 分行业x内容类型.xlsx
  商品流量    : ✓ 商品x流量渠道x商家x经营类目x商品类目（13周）.xlsx
  商品体裁    : ✓ 商品x体裁x商家x经营类目x商品类目（13周）.xlsx
  UP      : ✓ 头部UPlist.xlsx
  → 整体: 14行
  → 行业: 245969行
  → 流量: 410043行
  → 体裁: 495663行
  → 商品流量: 190261行
  → 商品体裁: 78402行
  → UP主ID: 169个

  加载耗时: 114.3s

📊 处理数据...
    W10: 2026-03-06(Fri) ~ 2026-03-12(Thu)
    W11: 2026-03-13(Fri) ~ 2026-03-19(Thu)
    W12: 2026-03-20(Fri) ~ 2026-03-26(Thu) ← 上周
    W13: 2026-03-27(Fri) ~ 2026-04-02(Thu) ← 本周
  周编号: [10, 11, 12, 13] → ['W10', 'W11', 'W12', 'W13']

  📋 数据诊断:
    整体: 14行, 周=[7, 8, 9, 10, 11, 12, 13], 业务线=['自营', '小店'], 关键列=['周', '业务线二级', '商品曝光PV', 'GMV']
    行业: 245969行, 周=[7, 8, 9, 10, 11, 12, 13], 业务线=['自营', '小店'], 关键列=['周', '业务线二级', '商品曝光PV', 'GMV']
    流量: 410043行, 周=[11, 12, 13], 业务线=['自营', '小店'], 关键列=['周', '业务线二级', '资源位二级入口', '商品曝光PV', 'GMV']
    体裁: 495663行, 周=[7, 8, 9, 10, 11, 12, 13], 业务线=['自营', '小店'], 关键列=['周', '业务线二级', '内容类型', '商品曝光PV', 'GMV']

  → S1 核心趋势
  → S2 行业拆解
  → S3 商家拆解
    小店行数: 244276, 本周=13, 上周=12
    本周匹配: 34966行
  → S4 流量渠道
    流量渠道数: 53, 含天马: True, 含feed: True
  → S5 成交体裁
    体裁类型: ['商品', '其他', '视频', '直播', '动态']

  数据JSON: 88,789 字节

✅ 报告已生成: /Users/raincai/Documents/GitHub/raincoat/skills/report-circle-weekly//report.html
   文件大小: 127,255 字节
   本周: W13（周五-周四）

